0 info it worked if it ends with ok
1 verbose cli [ '/home/ilyes/local/bin/node',
1 verbose cli   '/home/ilyes/local/bin/npm',
1 verbose cli   'start' ]
2 info using npm@3.9.5
3 info using node@v6.2.1
4 verbose run-script [ 'prestart', 'start', 'poststart' ]
5 info lifecycle image-search-microservice@0.0.1~prestart: image-search-microservice@0.0.1
6 silly lifecycle image-search-microservice@0.0.1~prestart: no script for prestart, continuing
7 info lifecycle image-search-microservice@0.0.1~start: image-search-microservice@0.0.1
8 verbose lifecycle image-search-microservice@0.0.1~start: unsafe-perm in lifecycle true
9 verbose lifecycle image-search-microservice@0.0.1~start: PATH: /home/ilyes/local/lib/node_modules/npm/bin/node-gyp-bin:/home/ilyes/PycharmProjects/image_search_microservice/node_modules/.bin:/home/ilyes/local/bin:/home/ilyes/local/bin:/usr/local/heroku/bin:/opt/ros/indigo/bin:/home/ilyes/Software/google-cloud-sdk/bin:/usr/local/sbin:/usr/local/bin:/usr/sbin:/usr/bin:/sbin:/bin:/usr/games:/usr/local/games
10 verbose lifecycle image-search-microservice@0.0.1~start: CWD: /home/ilyes/PycharmProjects/image_search_microservice
11 silly lifecycle image-search-microservice@0.0.1~start: Args: [ '-c', 'node app.js' ]
12 silly lifecycle image-search-microservice@0.0.1~start: Returned: code: 1  signal: null
13 info lifecycle image-search-microservice@0.0.1~start: Failed to exec start script
14 verbose stack Error: image-search-microservice@0.0.1 start: `node app.js`
14 verbose stack Exit status 1
14 verbose stack     at EventEmitter.<anonymous> (/home/ilyes/local/lib/node_modules/npm/lib/utils/lifecycle.js:245:16)
14 verbose stack     at emitTwo (events.js:106:13)
14 verbose stack     at EventEmitter.emit (events.js:191:7)
14 verbose stack     at ChildProcess.<anonymous> (/home/ilyes/local/lib/node_modules/npm/lib/utils/spawn.js:24:14)
14 verbose stack     at emitTwo (events.js:106:13)
14 verbose stack     at ChildProcess.emit (events.js:191:7)
14 verbose stack     at maybeClose (internal/child_process.js:852:16)
14 verbose stack     at Process.ChildProcess._handle.onexit (internal/child_process.js:215:5)
15 verbose pkgid image-search-microservice@0.0.1
16 verbose cwd /home/ilyes/PycharmProjects/image_search_microservice
17 error Linux 3.19.0-59-generic
18 error argv "/home/ilyes/local/bin/node" "/home/ilyes/local/bin/npm" "start"
19 error node v6.2.1
20 error npm  v3.9.5
21 error code ELIFECYCLE
22 error image-search-microservice@0.0.1 start: `node app.js`
22 error Exit status 1
23 error Failed at the image-search-microservice@0.0.1 start script 'node app.js'.
23 error Make sure you have the latest version of node.js and npm installed.
23 error If you do, this is most likely a problem with the image-search-microservice package,
23 error not with npm itself.
23 error Tell the author that this fails on your system:
23 error     node app.js
23 error You can get information on how to open an issue for this project with:
23 error     npm bugs image-search-microservice
23 error Or if that isn't available, you can get their info via:
23 error     npm owner ls image-search-microservice
23 error There is likely additional logging output above.
24 verbose exit [ 1, true ]
